<?xml version="1.0" encoding="UTF-8"?>
<coverage generated="1659859833092" clover="3.2.0">
  <project timestamp="1659859833092" name="All files">
    <metrics statements="48" coveredstatements="47" conditionals="5" coveredconditionals="4" methods="10" coveredmethods="10" elements="63" coveredelements="61" complexity="0" loc="48" ncloc="48" packages="1" files="1" classes="1"/>
    <file name="app.ts" path="/home/nathan/Projects/powerball-generatorTS/src/app.ts">
      <metrics statements="48" coveredstatements="47" conditionals="5" coveredconditionals="4" methods="10" coveredmethods="10"/>
      <line num="2" count="1" type="stmt"/>
      <line num="3" count="413" type="stmt"/>
      <line num="7" count="1" type="stmt"/>
      <line num="8" count="54" type="stmt"/>
      <line num="12" count="1" type="stmt"/>
      <line num="13" count="53" type="stmt"/>
      <line num="14" count="53" type="stmt"/>
      <line num="15" count="411" type="stmt"/>
      <line num="16" count="411" type="stmt"/>
      <line num="17" count="411" type="cond" truecount="1" falsecount="0"/>
      <line num="19" count="53" type="stmt"/>
      <line num="23" count="1" type="stmt"/>
      <line num="24" count="54" type="stmt"/>
      <line num="25" count="718" type="stmt"/>
      <line num="30" count="1" type="stmt"/>
      <line num="31" count="53" type="stmt"/>
      <line num="32" count="53" type="stmt"/>
      <line num="33" count="53" type="cond" truecount="1" falsecount="0"/>
      <line num="34" count="53" type="stmt"/>
      <line num="35" count="53" type="stmt"/>
      <line num="40" count="1" type="stmt"/>
      <line num="41" count="52" type="stmt"/>
      <line num="42" count="52" type="stmt"/>
      <line num="45" count="52" type="stmt"/>
      <line num="46" count="52" type="cond" truecount="1" falsecount="1"/>
      <line num="47" count="52" type="stmt"/>
      <line num="49" count="0" type="stmt"/>
      <line num="64" count="1" type="stmt"/>
      <line num="65" count="52" type="stmt"/>
      <line num="69" count="52" type="stmt"/>
      <line num="73" count="1" type="stmt"/>
      <line num="74" count="1" type="stmt"/>
      <line num="75" count="1" type="stmt"/>
      <line num="76" count="1" type="stmt"/>
      <line num="77" count="1" type="stmt"/>
      <line num="78" count="1" type="stmt"/>
      <line num="79" count="48" type="stmt"/>
      <line num="80" count="48" type="cond" truecount="1" falsecount="0"/>
      <line num="81" count="20" type="stmt"/>
      <line num="82" count="20" type="stmt"/>
      <line num="83" count="20" type="stmt"/>
      <line num="86" count="1" type="stmt"/>
      <line num="90" count="1" type="stmt"/>
      <line num="91" count="1" type="stmt"/>
      <line num="92" count="20" type="stmt"/>
      <line num="93" count="20" type="stmt"/>
      <line num="100" count="20" type="stmt"/>
      <line num="104" count="1" type="stmt"/>
    </file>
  </project>
</coverage>
