<?xml version="1.0" encoding="UTF-8"?>
<coverage generated="1659614969265" clover="3.2.0">
  <project timestamp="1659614969265" name="All files">
    <metrics statements="45" coveredstatements="44" conditionals="5" coveredconditionals="4" methods="10" coveredmethods="10" elements="60" coveredelements="58" complexity="0" loc="45" ncloc="45" packages="1" files="1" classes="1"/>
    <file name="app.ts" path="/home/nathan/Projects/powerball-generatorTS/src/app.ts">
      <metrics statements="45" coveredstatements="44" conditionals="5" coveredconditionals="4" methods="10" coveredmethods="10"/>
      <line num="2" count="1" type="stmt"/>
      <line num="3" count="751" type="stmt"/>
      <line num="7" count="1" type="stmt"/>
      <line num="8" count="98" type="stmt"/>
      <line num="12" count="1" type="stmt"/>
      <line num="13" count="97" type="stmt"/>
      <line num="14" count="97" type="stmt"/>
      <line num="15" count="749" type="stmt"/>
      <line num="16" count="749" type="stmt"/>
      <line num="17" count="749" type="cond" truecount="1" falsecount="0"/>
      <line num="19" count="97" type="stmt"/>
      <line num="23" count="1" type="stmt"/>
      <line num="24" count="98" type="stmt"/>
      <line num="25" count="1328" type="stmt"/>
      <line num="29" count="1" type="stmt"/>
      <line num="30" count="97" type="stmt"/>
      <line num="31" count="97" type="stmt"/>
      <line num="32" count="97" type="cond" truecount="1" falsecount="0"/>
      <line num="33" count="97" type="stmt"/>
      <line num="34" count="97" type="stmt"/>
      <line num="38" count="1" type="stmt"/>
      <line num="39" count="96" type="stmt"/>
      <line num="40" count="96" type="stmt"/>
      <line num="43" count="96" type="stmt"/>
      <line num="44" count="96" type="cond" truecount="1" falsecount="1"/>
      <line num="45" count="96" type="stmt"/>
      <line num="47" count="0" type="stmt"/>
      <line num="56" count="96" type="stmt"/>
      <line num="60" count="96" type="stmt"/>
      <line num="64" count="1" type="stmt"/>
      <line num="68" count="1" type="stmt"/>
      <line num="69" count="1" type="stmt"/>
      <line num="70" count="1" type="stmt"/>
      <line num="71" count="1" type="stmt"/>
      <line num="72" count="96" type="stmt"/>
      <line num="73" count="96" type="cond" truecount="1" falsecount="0"/>
      <line num="74" count="20" type="stmt"/>
      <line num="75" count="20" type="stmt"/>
      <line num="76" count="20" type="stmt"/>
      <line num="79" count="1" type="stmt"/>
      <line num="83" count="1" type="stmt"/>
      <line num="84" count="20" type="stmt"/>
      <line num="85" count="20" type="stmt"/>
      <line num="92" count="20" type="stmt"/>
      <line num="96" count="1" type="stmt"/>
    </file>
  </project>
</coverage>
