{"/home/nathan/Projects/powerball-generatorTS/src/app.ts": {"path":"/home/nathan/Projects/powerball-generatorTS/src/app.ts","statementMap":{"0":{"start":{"line":3,"column":2},"end":{"line":3,"column":44}},"1":{"start":{"line":2,"column":0},"end":{"line":2,"column":16}},"2":{"start":{"line":8,"column":2},"end":{"line":8,"column":44}},"3":{"start":{"line":7,"column":0},"end":{"line":7,"column":16}},"4":{"start":{"line":13,"column":28},"end":{"line":13,"column":30}},"5":{"start":{"line":14,"column":2},"end":{"line":18,"column":null}},"6":{"start":{"line":15,"column":18},"end":{"line":15,"column":32}},"7":{"start":{"line":16,"column":4},"end":{"line":16,"column":12}},"8":{"start":{"line":17,"column":4},"end":{"line":17,"column":58}},"9":{"start":{"line":17,"column":36},"end":{"line":17,"column":58}},"10":{"start":{"line":19,"column":2},"end":{"line":19,"column":30}},"11":{"start":{"line":12,"column":0},"end":{"line":12,"column":16}},"12":{"start":{"line":24,"column":2},"end":{"line":26,"column":5}},"13":{"start":{"line":25,"column":4},"end":{"line":25,"column":17}},"14":{"start":{"line":23,"column":0},"end":{"line":23,"column":16}},"15":{"start":{"line":30,"column":37},"end":{"line":30,"column":39}},"16":{"start":{"line":31,"column":2},"end":{"line":35,"column":null}},"17":{"start":{"line":32,"column":4},"end":{"line":33,"column":46}},"18":{"start":{"line":33,"column":6},"end":{"line":33,"column":46}},"19":{"start":{"line":34,"column":4},"end":{"line":34,"column":28}},"20":{"start":{"line":29,"column":0},"end":{"line":29,"column":16}},"21":{"start":{"line":39,"column":25},"end":{"line":39,"column":42}},"22":{"start":{"line":40,"column":37},"end":{"line":41,"column":null}},"23":{"start":{"line":43,"column":2},"end":{"line":43,"column":21}},"24":{"start":{"line":44,"column":2},"end":{"line":48,"column":null}},"25":{"start":{"line":45,"column":4},"end":{"line":45,"column":28}},"26":{"start":{"line":47,"column":4},"end":{"line":47,"column":32}},"27":{"start":{"line":38,"column":0},"end":{"line":38,"column":16}},"28":{"start":{"line":56,"column":40},"end":{"line":59,"column":4}},"29":{"start":{"line":60,"column":2},"end":{"line":60,"column":30}},"30":{"start":{"line":64,"column":22},"end":{"line":64,"column":23}},"31":{"start":{"line":68,"column":33},"end":{"line":68,"column":35}},"32":{"start":{"line":69,"column":37},"end":{"line":69,"column":39}},"33":{"start":{"line":70,"column":35},"end":{"line":70,"column":37}},"34":{"start":{"line":71,"column":2},"end":{"line":78,"column":null}},"35":{"start":{"line":72,"column":15},"end":{"line":72,"column":30}},"36":{"start":{"line":73,"column":4},"end":{"line":77,"column":null}},"37":{"start":{"line":74,"column":6},"end":{"line":74,"column":42}},"38":{"start":{"line":75,"column":6},"end":{"line":75,"column":38}},"39":{"start":{"line":76,"column":6},"end":{"line":76,"column":14}},"40":{"start":{"line":79,"column":2},"end":{"line":79,"column":38}},"41":{"start":{"line":83,"column":2},"end":{"line":93,"column":null}},"42":{"start":{"line":84,"column":35},"end":{"line":84,"column":43}},"43":{"start":{"line":85,"column":20},"end":{"line":91,"column":8}},"44":{"start":{"line":92,"column":4},"end":{"line":92,"column":25}},"45":{"start":{"line":96,"column":0},"end":{"line":96,"column":29}}},"fnMap":{"0":{"name":"randomNumber","decl":{"start":{"line":2,"column":16},"end":{"line":2,"column":28}},"loc":{"start":{"line":2,"column":28},"end":{"line":4,"column":1}}},"1":{"name":"randomPowerBall","decl":{"start":{"line":7,"column":16},"end":{"line":7,"column":31}},"loc":{"start":{"line":7,"column":31},"end":{"line":9,"column":1}}},"2":{"name":"addNumbersToDraw","decl":{"start":{"line":12,"column":16},"end":{"line":12,"column":32}},"loc":{"start":{"line":12,"column":32},"end":{"line":20,"column":1}}},"3":{"name":"sortNumbers","decl":{"start":{"line":23,"column":16},"end":{"line":23,"column":27}},"loc":{"start":{"line":23,"column":43},"end":{"line":27,"column":1}}},"4":{"name":"(anonymous_4)","decl":{"start":{"line":24,"column":20},"end":{"line":24,"column":30}},"loc":{"start":{"line":24,"column":34},"end":{"line":26,"column":3}}},"5":{"name":"validPowerBall","decl":{"start":{"line":29,"column":16},"end":{"line":29,"column":30}},"loc":{"start":{"line":29,"column":55},"end":{"line":36,"column":1}}},"6":{"name":"addPowerBallToDraw","decl":{"start":{"line":38,"column":16},"end":{"line":38,"column":34}},"loc":{"start":{"line":38,"column":34},"end":{"line":49,"column":1}}},"7":{"name":"powerBallDraw","decl":{"start":{"line":51,"column":9},"end":{"line":51,"column":22}},"loc":{"start":{"line":51,"column":22},"end":{"line":61,"column":1}}},"8":{"name":"createMultiplePowerBallObj","decl":{"start":{"line":63,"column":9},"end":{"line":63,"column":35}},"loc":{"start":{"line":63,"column":35},"end":{"line":80,"column":1}}},"9":{"name":"displayResults","decl":{"start":{"line":82,"column":9},"end":{"line":82,"column":23}},"loc":{"start":{"line":82,"column":32},"end":{"line":94,"column":1}}}},"branchMap":{"0":{"loc":{"start":{"line":17,"column":4},"end":{"line":17,"column":58}},"type":"if","locations":[{"start":{"line":17,"column":4},"end":{"line":17,"column":58}}]},"1":{"loc":{"start":{"line":32,"column":4},"end":{"line":33,"column":46}},"type":"if","locations":[{"start":{"line":32,"column":4},"end":{"line":33,"column":46}}]},"2":{"loc":{"start":{"line":44,"column":2},"end":{"line":48,"column":null}},"type":"if","locations":[{"start":{"line":44,"column":2},"end":{"line":48,"column":null}},{"start":{"line":46,"column":9},"end":{"line":48,"column":null}}]},"3":{"loc":{"start":{"line":73,"column":4},"end":{"line":77,"column":null}},"type":"if","locations":[{"start":{"line":73,"column":4},"end":{"line":77,"column":null}}]}},"s":{"0":751,"1":1,"2":98,"3":1,"4":97,"5":97,"6":749,"7":749,"8":749,"9":679,"10":97,"11":1,"12":98,"13":1328,"14":1,"15":97,"16":97,"17":97,"18":97,"19":97,"20":1,"21":96,"22":96,"23":96,"24":96,"25":96,"26":0,"27":1,"28":96,"29":96,"30":1,"31":1,"32":1,"33":1,"34":1,"35":96,"36":96,"37":20,"38":20,"39":20,"40":1,"41":1,"42":20,"43":20,"44":20,"45":1},"f":{"0":751,"1":98,"2":97,"3":98,"4":1328,"5":97,"6":96,"7":96,"8":1,"9":1},"b":{"0":[679],"1":[97],"2":[96,0],"3":[20]}}
}
