{"/home/nathan/Projects/powerball-generatorTS/src/app.ts": {"path":"/home/nathan/Projects/powerball-generatorTS/src/app.ts","statementMap":{"0":{"start":{"line":3,"column":2},"end":{"line":3,"column":44}},"1":{"start":{"line":2,"column":0},"end":{"line":2,"column":16}},"2":{"start":{"line":8,"column":2},"end":{"line":8,"column":44}},"3":{"start":{"line":7,"column":0},"end":{"line":7,"column":16}},"4":{"start":{"line":13,"column":28},"end":{"line":13,"column":30}},"5":{"start":{"line":14,"column":2},"end":{"line":18,"column":null}},"6":{"start":{"line":15,"column":18},"end":{"line":15,"column":32}},"7":{"start":{"line":16,"column":4},"end":{"line":16,"column":12}},"8":{"start":{"line":17,"column":4},"end":{"line":17,"column":58}},"9":{"start":{"line":17,"column":36},"end":{"line":17,"column":58}},"10":{"start":{"line":19,"column":2},"end":{"line":19,"column":30}},"11":{"start":{"line":12,"column":0},"end":{"line":12,"column":16}},"12":{"start":{"line":24,"column":2},"end":{"line":26,"column":5}},"13":{"start":{"line":25,"column":4},"end":{"line":25,"column":17}},"14":{"start":{"line":23,"column":0},"end":{"line":23,"column":16}},"15":{"start":{"line":31,"column":37},"end":{"line":31,"column":39}},"16":{"start":{"line":32,"column":2},"end":{"line":36,"column":null}},"17":{"start":{"line":33,"column":4},"end":{"line":34,"column":46}},"18":{"start":{"line":34,"column":6},"end":{"line":34,"column":46}},"19":{"start":{"line":35,"column":4},"end":{"line":35,"column":28}},"20":{"start":{"line":30,"column":0},"end":{"line":30,"column":16}},"21":{"start":{"line":41,"column":25},"end":{"line":41,"column":42}},"22":{"start":{"line":42,"column":37},"end":{"line":43,"column":null}},"23":{"start":{"line":45,"column":2},"end":{"line":45,"column":21}},"24":{"start":{"line":46,"column":2},"end":{"line":50,"column":null}},"25":{"start":{"line":47,"column":4},"end":{"line":47,"column":28}},"26":{"start":{"line":49,"column":4},"end":{"line":49,"column":32}},"27":{"start":{"line":40,"column":0},"end":{"line":40,"column":16}},"28":{"start":{"line":65,"column":40},"end":{"line":68,"column":4}},"29":{"start":{"line":69,"column":2},"end":{"line":69,"column":30}},"30":{"start":{"line":64,"column":0},"end":{"line":64,"column":16}},"31":{"start":{"line":74,"column":22},"end":{"line":74,"column":23}},"32":{"start":{"line":75,"column":33},"end":{"line":75,"column":35}},"33":{"start":{"line":76,"column":37},"end":{"line":76,"column":39}},"34":{"start":{"line":77,"column":35},"end":{"line":77,"column":37}},"35":{"start":{"line":78,"column":2},"end":{"line":85,"column":null}},"36":{"start":{"line":79,"column":15},"end":{"line":79,"column":30}},"37":{"start":{"line":80,"column":4},"end":{"line":84,"column":null}},"38":{"start":{"line":81,"column":6},"end":{"line":81,"column":42}},"39":{"start":{"line":82,"column":6},"end":{"line":82,"column":38}},"40":{"start":{"line":83,"column":6},"end":{"line":83,"column":14}},"41":{"start":{"line":86,"column":2},"end":{"line":86,"column":38}},"42":{"start":{"line":73,"column":0},"end":{"line":73,"column":16}},"43":{"start":{"line":91,"column":2},"end":{"line":101,"column":null}},"44":{"start":{"line":92,"column":35},"end":{"line":92,"column":43}},"45":{"start":{"line":93,"column":20},"end":{"line":99,"column":8}},"46":{"start":{"line":100,"column":4},"end":{"line":100,"column":25}},"47":{"start":{"line":90,"column":0},"end":{"line":90,"column":16}},"48":{"start":{"line":104,"column":0},"end":{"line":104,"column":29}}},"fnMap":{"0":{"name":"randomNumber","decl":{"start":{"line":2,"column":16},"end":{"line":2,"column":28}},"loc":{"start":{"line":2,"column":28},"end":{"line":4,"column":1}}},"1":{"name":"randomPowerBall","decl":{"start":{"line":7,"column":16},"end":{"line":7,"column":31}},"loc":{"start":{"line":7,"column":31},"end":{"line":9,"column":1}}},"2":{"name":"addNumbersToDraw","decl":{"start":{"line":12,"column":16},"end":{"line":12,"column":32}},"loc":{"start":{"line":12,"column":32},"end":{"line":20,"column":1}}},"3":{"name":"sortNumbers","decl":{"start":{"line":23,"column":16},"end":{"line":23,"column":27}},"loc":{"start":{"line":23,"column":43},"end":{"line":27,"column":1}}},"4":{"name":"(anonymous_4)","decl":{"start":{"line":24,"column":20},"end":{"line":24,"column":30}},"loc":{"start":{"line":24,"column":34},"end":{"line":26,"column":3}}},"5":{"name":"validPowerBall","decl":{"start":{"line":30,"column":16},"end":{"line":30,"column":30}},"loc":{"start":{"line":30,"column":55},"end":{"line":37,"column":1}}},"6":{"name":"addPowerBallToDraw","decl":{"start":{"line":40,"column":16},"end":{"line":40,"column":34}},"loc":{"start":{"line":40,"column":34},"end":{"line":51,"column":1}}},"7":{"name":"powerBallDraw","decl":{"start":{"line":64,"column":16},"end":{"line":64,"column":29}},"loc":{"start":{"line":64,"column":29},"end":{"line":70,"column":1}}},"8":{"name":"createMultiplePowerBallObj","decl":{"start":{"line":73,"column":16},"end":{"line":73,"column":42}},"loc":{"start":{"line":73,"column":42},"end":{"line":87,"column":1}}},"9":{"name":"displayResults","decl":{"start":{"line":90,"column":16},"end":{"line":90,"column":30}},"loc":{"start":{"line":90,"column":48},"end":{"line":102,"column":1}}}},"branchMap":{"0":{"loc":{"start":{"line":17,"column":4},"end":{"line":17,"column":58}},"type":"if","locations":[{"start":{"line":17,"column":4},"end":{"line":17,"column":58}}]},"1":{"loc":{"start":{"line":33,"column":4},"end":{"line":34,"column":46}},"type":"if","locations":[{"start":{"line":33,"column":4},"end":{"line":34,"column":46}}]},"2":{"loc":{"start":{"line":46,"column":2},"end":{"line":50,"column":null}},"type":"if","locations":[{"start":{"line":46,"column":2},"end":{"line":50,"column":null}},{"start":{"line":48,"column":9},"end":{"line":50,"column":null}}]},"3":{"loc":{"start":{"line":80,"column":4},"end":{"line":84,"column":null}},"type":"if","locations":[{"start":{"line":80,"column":4},"end":{"line":84,"column":null}}]}},"s":{"0":413,"1":1,"2":54,"3":1,"4":53,"5":53,"6":411,"7":411,"8":411,"9":371,"10":53,"11":1,"12":54,"13":718,"14":1,"15":53,"16":53,"17":53,"18":53,"19":53,"20":1,"21":52,"22":52,"23":52,"24":52,"25":52,"26":0,"27":1,"28":52,"29":52,"30":1,"31":1,"32":1,"33":1,"34":1,"35":1,"36":48,"37":48,"38":20,"39":20,"40":20,"41":1,"42":1,"43":1,"44":20,"45":20,"46":20,"47":1,"48":1},"f":{"0":413,"1":54,"2":53,"3":54,"4":718,"5":53,"6":52,"7":52,"8":1,"9":1},"b":{"0":[371],"1":[53],"2":[52,0],"3":[20]}}
}
