TN:
SF:src/app.ts
FN:2,randomNumber
FN:7,randomPowerBall
FN:12,addNumbersToDraw
FN:23,sortNumbers
FN:24,(anonymous_4)
FN:29,validPowerBall
FN:38,addPowerBallToDraw
FN:51,powerBallDraw
FN:63,createMultiplePowerBallObj
FN:82,displayResults
FNF:10
FNH:10
FNDA:751,randomNumber
FNDA:98,randomPowerBall
FNDA:97,addNumbersToDraw
FNDA:98,sortNumbers
FNDA:1328,(anonymous_4)
FNDA:97,validPowerBall
FNDA:96,addPowerBallToDraw
FNDA:96,powerBallDraw
FNDA:1,createMultiplePowerBallObj
FNDA:1,displayResults
DA:2,1
DA:3,751
DA:7,1
DA:8,98
DA:12,1
DA:13,97
DA:14,97
DA:15,749
DA:16,749
DA:17,749
DA:19,97
DA:23,1
DA:24,98
DA:25,1328
DA:29,1
DA:30,97
DA:31,97
DA:32,97
DA:33,97
DA:34,97
DA:38,1
DA:39,96
DA:40,96
DA:43,96
DA:44,96
DA:45,96
DA:47,0
DA:56,96
DA:60,96
DA:64,1
DA:68,1
DA:69,1
DA:70,1
DA:71,1
DA:72,96
DA:73,96
DA:74,20
DA:75,20
DA:76,20
DA:79,1
DA:83,1
DA:84,20
DA:85,20
DA:92,20
DA:96,1
LF:45
LH:44
BRDA:17,0,0,679
BRDA:32,1,0,97
BRDA:44,2,0,96
BRDA:44,2,1,0
BRDA:73,3,0,20
BRF:5
BRH:4
end_of_record
