TN:
SF:src/app.ts
FN:2,randomNumber
FN:7,randomPowerBall
FN:12,addNumbersToDraw
FN:23,sortNumbers
FN:24,(anonymous_4)
FN:30,validPowerBall
FN:40,addPowerBallToDraw
FN:64,powerBallDraw
FN:73,createMultiplePowerBallObj
FN:90,displayResults
FNF:10
FNH:10
FNDA:413,randomNumber
FNDA:54,randomPowerBall
FNDA:53,addNumbersToDraw
FNDA:54,sortNumbers
FNDA:718,(anonymous_4)
FNDA:53,validPowerBall
FNDA:52,addPowerBallToDraw
FNDA:52,powerBallDraw
FNDA:1,createMultiplePowerBallObj
FNDA:1,displayResults
DA:2,1
DA:3,413
DA:7,1
DA:8,54
DA:12,1
DA:13,53
DA:14,53
DA:15,411
DA:16,411
DA:17,411
DA:19,53
DA:23,1
DA:24,54
DA:25,718
DA:30,1
DA:31,53
DA:32,53
DA:33,53
DA:34,53
DA:35,53
DA:40,1
DA:41,52
DA:42,52
DA:45,52
DA:46,52
DA:47,52
DA:49,0
DA:64,1
DA:65,52
DA:69,52
DA:73,1
DA:74,1
DA:75,1
DA:76,1
DA:77,1
DA:78,1
DA:79,48
DA:80,48
DA:81,20
DA:82,20
DA:83,20
DA:86,1
DA:90,1
DA:91,1
DA:92,20
DA:93,20
DA:100,20
DA:104,1
LF:48
LH:47
BRDA:17,0,0,371
BRDA:33,1,0,53
BRDA:46,2,0,52
BRDA:46,2,1,0
BRDA:80,3,0,20
BRF:5
BRH:4
end_of_record
